<?xml version="1.0" encoding="UTF-8"?>
<testsuite xmlns:xsi="http://www.w3.org/2001/XMLSchema-instance" xsi:noNamespaceSchemaLocation="https://maven.apache.org/surefire/maven-surefire-plugin/xsd/surefire-test-report.xsd" name="za.ac.cput.tdd.AppTest" time="0.178" tests="5" errors="0" skipped="0" failures="1">
  <properties>
[...]
</properties>
  <testcase name="testGetStuName" classname="za.ac.cput.tdd.AppTest" time="0.101">
    <failure message="The test case is a prototype." type="org.opentest4j.AssertionFailedError">org.opentest4j.AssertionFailedError: The test case is a prototype.
	at za.ac.cput.tdd.AppTest.testGetStuName(AppTest.java:41)
</failure>
  </testcase>
  <testcase name="testGetStuSurname" classname="za.ac.cput.tdd.AppTest" time="0.002"/>
  <testcase name="timeoutNotExceeded" classname="za.ac.cput.tdd.AppTest" time="0.038"/>
  <testcase name="testIdentity" classname="za.ac.cput.tdd.AppTest" time="0.003"/>
  <testcase name="testEquality" classname="za.ac.cput.tdd.AppTest" time="0.007"/>
</testsuite>