-------------------------------------------------------------------------------
Test set: za.ac.cput.tdd.AppTest
-------------------------------------------------------------------------------
Tests run: 5, Failures: 1, Errors: 0, Skipped: 0, Time elapsed: 0.178 s <<< FAILURE! - in za.ac.cput.tdd.AppTest
testGetStuName  Time elapsed: 0.101 s  <<< FAILURE!
org.opentest4j.AssertionFailedError: The test case is a prototype.
	at za.ac.cput.tdd.AppTest.testGetStuName(AppTest.java:41)

